INFO:paramiko.transport:Connected (version 2.0, client TN5xZVdnFuwcawY)
INFO:paramiko.transport:Authentication (password) successful!
INFO:paramiko.transport:Connected (version 2.0, client TN5xZVdnFuwcawY)
INFO:paramiko.transport:Authentication (password) successful!
INFO:paramiko.transport:Connected (version 2.0, client TN5xZVdnFuwcawY)
INFO:paramiko.transport:Authentication (password) successful!
INFO:paramiko.transport:Connected (version 2.0, client TN5xZVdnFuwcawY)
INFO:paramiko.transport:Authentication (password) successful!
INFO:paramiko.transport:Connected (version 2.0, client TN5xZVdnFuwcawY)
INFO:paramiko.transport:Authentication (password) successful!
INFO:paramiko.transport:Connected (version 2.0, client TN5xZVdnFuwcawY)
INFO:paramiko.transport:Authentication (password) successful!
INFO:paramiko.transport:Connected (version 2.0, client TN5xZVdnFuwcawY)
INFO:paramiko.transport:Authentication (password) successful!
INFO:paramiko.transport:Connected (version 2.0, client TN5xZVdnFuwcawY)
INFO:paramiko.transport:Authentication (password) successful!
INFO:paramiko.transport:Connected (version 2.0, client qZy_u)
INFO:paramiko.transport:Authentication (password) successful!
INFO:paramiko.transport:Connected (version 2.0, client qZy_u)
INFO:paramiko.transport:Authentication (password) successful!
INFO:paramiko.transport:Connected (version 2.0, client qZy_u)
INFO:paramiko.transport:Authentication (password) successful!
INFO:paramiko.transport:Connected (version 2.0, client qZy_u)
INFO:paramiko.transport:Authentication (password) successful!
INFO:paramiko.transport:Connected (version 2.0, client qZy_u)
INFO:paramiko.transport:Authentication (password) successful!
INFO:paramiko.transport:Connected (version 2.0, client qZy_u)
INFO:paramiko.transport:Authentication (password) successful!
INFO:paramiko.transport:Connected (version 2.0, client qZy_u)
INFO:paramiko.transport:Authentication (password) successful!
INFO:paramiko.transport:Connected (version 2.0, client qZy_u)
INFO:paramiko.transport:Authentication (password) successful!
INFO:paramiko.transport:Connected (version 2.0, client qZy_u)
INFO:paramiko.transport:Connected (version 2.0, client qZy_u)
INFO:paramiko.transport:Authentication (password) failed.
INFO:paramiko.transport:Connected (version 2.0, client qZy_u)
INFO:paramiko.transport:Authentication (password) failed.
INFO:paramiko.transport:Connected (version 2.0, client AyMurImcEuz)
INFO:paramiko.transport:Authentication (password) successful!
INFO:paramiko.transport:Connected (version 2.0, client qZy_u)
INFO:paramiko.transport:Authentication (password) successful!
INFO:paramiko.transport:Connected (version 2.0, client qZy_u)
INFO:paramiko.transport:Authentication (password) failed.
INFO:paramiko.transport:Connected (version 2.0, client qZy_u)
INFO:paramiko.transport:Authentication (password) failed.
INFO:paramiko.transport:Connected (version 2.0, client qZy_u)
INFO:paramiko.transport:Authentication (password) successful!
INFO:paramiko.transport:Connected (version 2.0, client qZy_u)
INFO:paramiko.transport:Authentication (password) successful!
INFO:paramiko.transport:Connected (version 2.0, client AyMurImcEuz)
INFO:paramiko.transport:Authentication (password) successful!
INFO:paramiko.transport:Connected (version 2.0, client gthTYt9uGGzNvL)
INFO:paramiko.transport:Authentication (password) successful!
INFO:paramiko.transport:Connected (version 2.0, client AyMurImcEuz)
INFO:paramiko.transport:Authentication (password) successful!
